<?xml version="1.0" encoding="UTF-8"?><testrun name="Junit_Selenium_Webdriver_TestCases" project="TV_E2E" tests="13" started="13" failures="1" errors="0" ignored="0">
  <testsuite name="core.TV_E2E.Junit_Selenium_Webdriver_TestCases" time="0.063">
    <testsuite name="[Iteration # 0: Expected: learn2test.net; Actualy learn2test.net]" time="0.0">
      <testcase name="Test_TV_Verification[Iteration # 0: Expected: learn2test.net; Actualy learn2test.net]" classname="core.TV_E2E.Junit_Selenium_Webdriver_TestCases" time="0.0"/>
    </testsuite>
    <testsuite name="[Iteration # 1: Expected: www.alegro.com; Actualy www.alegro.com]" time="0.0">
      <testcase name="Test_TV_Verification[Iteration # 1: Expected: www.alegro.com; Actualy www.alegro.com]" classname="core.TV_E2E.Junit_Selenium_Webdriver_TestCases" time="0.0"/>
    </testsuite>
    <testsuite name="[Iteration # 2: Expected: Google; Actualy Google]" time="0.0">
      <testcase name="Test_TV_Verification[Iteration # 2: Expected: Google; Actualy Google]" classname="core.TV_E2E.Junit_Selenium_Webdriver_TestCases" time="0.0"/>
    </testsuite>
    <testsuite name="[Iteration # 3: Expected: Ruby-Doc.org: Documenting the Ruby Language; Actualy Ruby-Doc.org: Documenting the Ruby Language]" time="0.0">
      <testcase name="Test_TV_Verification[Iteration # 3: Expected: Ruby-Doc.org: Documenting the Ruby Language; Actualy Ruby-Doc.org: Documenting the Ruby Language]" classname="core.TV_E2E.Junit_Selenium_Webdriver_TestCases" time="0.0"/>
    </testsuite>
    <testsuite name="[Iteration # 4: Expected: Yahoo; Actualy Yahoo]" time="0.0">
      <testcase name="Test_TV_Verification[Iteration # 4: Expected: Yahoo; Actualy Yahoo]" classname="core.TV_E2E.Junit_Selenium_Webdriver_TestCases" time="0.0"/>
    </testsuite>
    <testsuite name="[Iteration # 5: Expected: &quot;Online Auctions: Laptops; Actualy Online Auctions: Laptops, Desktops, TVs, Electronics, Home &amp; Garden | uBid.com]" time="0.047">
      <testcase name="Test_TV_Verification[Iteration # 5: Expected: &quot;Online Auctions: Laptops; Actualy Online Auctions: Laptops, Desktops, TVs, Electronics, Home &amp; Garden | uBid.com]" classname="core.TV_E2E.Junit_Selenium_Webdriver_TestCases" time="0.047">
        <failure>
          <expected>"Online Auctions: Laptops</expected>
          <actual>Online Auctions: Laptops, Desktops, TVs, Electronics, Home &amp; Garden | uBid.com</actual>org.junit.ComparisonFailure: FAILED expected:&lt;["Online Auctions: Laptops]&gt; but was:&lt;[Online Auctions: Laptops, Desktops, TVs, Electronics, Home &amp; Garden | uBid.com]&gt;&#13;
	at org.junit.Assert.assertEquals(Assert.java:115)&#13;
	at core.TV_E2E.Junit_Selenium_Webdriver_TestCases.Test_TV_Verification(Junit_Selenium_Webdriver_TestCases.java:42)&#13;
	at sun.reflect.NativeMethodAccessorImpl.invoke0(Native Method)&#13;
	at sun.reflect.NativeMethodAccessorImpl.invoke(Unknown Source)&#13;
	at sun.reflect.DelegatingMethodAccessorImpl.invoke(Unknown Source)&#13;
	at java.lang.reflect.Method.invoke(Unknown Source)&#13;
	at org.junit.runners.model.FrameworkMethod$1.runReflectiveCall(FrameworkMethod.java:50)&#13;
	at org.junit.internal.runners.model.ReflectiveCallable.run(ReflectiveCallable.java:12)&#13;
	at org.junit.runners.model.FrameworkMethod.invokeExplosively(FrameworkMethod.java:47)&#13;
	at org.junit.internal.runners.statements.InvokeMethod.evaluate(InvokeMethod.java:17)&#13;
	at org.junit.runners.ParentRunner.runLeaf(ParentRunner.java:325)&#13;
	at org.junit.runners.BlockJUnit4ClassRunner.runChild(BlockJUnit4ClassRunner.java:78)&#13;
	at org.junit.runners.BlockJUnit4ClassRunner.runChild(BlockJUnit4ClassRunner.java:57)&#13;
	at org.junit.runners.ParentRunner$3.run(ParentRunner.java:290)&#13;
	at org.junit.runners.ParentRunner$1.schedule(ParentRunner.java:71)&#13;
	at org.junit.runners.ParentRunner.runChildren(ParentRunner.java:288)&#13;
	at org.junit.runners.ParentRunner.access$000(ParentRunner.java:58)&#13;
	at org.junit.runners.ParentRunner$2.evaluate(ParentRunner.java:268)&#13;
	at org.junit.runners.ParentRunner.run(ParentRunner.java:363)&#13;
	at org.junit.runners.Suite.runChild(Suite.java:128)&#13;
	at org.junit.runners.Suite.runChild(Suite.java:27)&#13;
	at org.junit.runners.ParentRunner$3.run(ParentRunner.java:290)&#13;
	at org.junit.runners.ParentRunner$1.schedule(ParentRunner.java:71)&#13;
	at org.junit.runners.ParentRunner.runChildren(ParentRunner.java:288)&#13;
	at org.junit.runners.ParentRunner.access$000(ParentRunner.java:58)&#13;
	at org.junit.runners.ParentRunner$2.evaluate(ParentRunner.java:268)&#13;
	at org.junit.internal.runners.statements.RunBefores.evaluate(RunBefores.java:26)&#13;
	at org.junit.runners.ParentRunner.run(ParentRunner.java:363)&#13;
	at org.eclipse.jdt.internal.junit4.runner.JUnit4TestReference.run(JUnit4TestReference.java:86)&#13;
	at org.eclipse.jdt.internal.junit.runner.TestExecution.run(TestExecution.java:38)&#13;
	at org.eclipse.jdt.internal.junit.runner.RemoteTestRunner.runTests(RemoteTestRunner.java:459)&#13;
	at org.eclipse.jdt.internal.junit.runner.RemoteTestRunner.runTests(RemoteTestRunner.java:675)&#13;
	at org.eclipse.jdt.internal.junit.runner.RemoteTestRunner.run(RemoteTestRunner.java:382)&#13;
	at org.eclipse.jdt.internal.junit.runner.RemoteTestRunner.main(RemoteTestRunner.java:192)&#13;
&#13;
</failure>
      </testcase>
    </testsuite>
    <testsuite name="[Iteration # 6: Expected: Amazon Seller Central; Actualy Amazon Seller Central]" time="0.016">
      <testcase name="Test_TV_Verification[Iteration # 6: Expected: Amazon Seller Central; Actualy Amazon Seller Central]" classname="core.TV_E2E.Junit_Selenium_Webdriver_TestCases" time="0.016"/>
    </testsuite>
    <testsuite name="[Iteration # 7: Expected: SportsLogs; Actualy SportsLogs]" time="0.0">
      <testcase name="Test_TV_Verification[Iteration # 7: Expected: SportsLogs; Actualy SportsLogs]" classname="core.TV_E2E.Junit_Selenium_Webdriver_TestCases" time="0.0"/>
    </testsuite>
    <testsuite name="[Iteration # 8: Expected: Apply online for jobs at Visa; Actualy Apply online for jobs at Visa]" time="0.0">
      <testcase name="Test_TV_Verification[Iteration # 8: Expected: Apply online for jobs at Visa; Actualy Apply online for jobs at Visa]" classname="core.TV_E2E.Junit_Selenium_Webdriver_TestCases" time="0.0"/>
    </testsuite>
    <testsuite name="[Iteration # 9: Expected: Tech Jobs and IT Recruiters | CyberCoders; Actualy Tech Jobs and IT Recruiters | CyberCoders]" time="0.0">
      <testcase name="Test_TV_Verification[Iteration # 9: Expected: Tech Jobs and IT Recruiters | CyberCoders; Actualy Tech Jobs and IT Recruiters | CyberCoders]" classname="core.TV_E2E.Junit_Selenium_Webdriver_TestCases" time="0.0"/>
    </testsuite>
    <testsuite name="[Iteration # 10: Expected: Staffing Agencies - Workforce &amp; Staffing Solutions - Nelson; Actualy Staffing Agencies - Workforce &amp; Staffing Solutions - Nelson]" time="0.0">
      <testcase name="Test_TV_Verification[Iteration # 10: Expected: Staffing Agencies - Workforce &amp; Staffing Solutions - Nelson; Actualy Staffing Agencies - Workforce &amp; Staffing Solutions - Nelson]" classname="core.TV_E2E.Junit_Selenium_Webdriver_TestCases" time="0.0"/>
    </testsuite>
    <testsuite name="[Iteration # 11: Expected: Walmart.com: Save money. Live better.; Actualy Walmart.com: Save money. Live better.]" time="0.0">
      <testcase name="Test_TV_Verification[Iteration # 11: Expected: Walmart.com: Save money. Live better.; Actualy Walmart.com: Save money. Live better.]" classname="core.TV_E2E.Junit_Selenium_Webdriver_TestCases" time="0.0"/>
    </testsuite>
    <testsuite name="[Iteration # 12: Expected: Facebook - Log In or Sign Up; Actualy Facebook - Log In or Sign Up]" time="0.0">
      <testcase name="Test_TV_Verification[Iteration # 12: Expected: Facebook - Log In or Sign Up; Actualy Facebook - Log In or Sign Up]" classname="core.TV_E2E.Junit_Selenium_Webdriver_TestCases" time="0.0"/>
    </testsuite>
  </testsuite>
</testrun>
